#
# There is insufficient memory for the Java Runtime Environment to continue.
# Native memory allocation (mmap) failed to map 134217728 bytes for G1 virtual space
# Possible reasons:
#   The system is out of physical RAM or swap space
#   The process is running with CompressedOops enabled, and the Java Heap may be blocking the growth of the native heap
# Possible solutions:
#   Reduce memory load on the system
#   Increase physical memory or swap space
#   Check if swap backing store is full
#   Decrease Java heap size (-Xmx/-Xms)
#   Decrease number of Java threads
#   Decrease Java thread stack sizes (-Xss)
#   Set larger code cache with -XX:ReservedCodeCacheSize=
#   JVM is running with Unscaled Compressed Oops mode in which the Java heap is
#     placed in the first 4GB address space. The Java Heap base address is the
#     maximum limit for the native heap growth. Please use -XX:HeapBaseMinAddress
#     to set the Java Heap base and to place the Java Heap above 4GB virtual address.
# This output file may be truncated or incomplete.
#
#  Out of Memory Error (os_windows.cpp:3532), pid=9508, tid=5548
#
# JRE version:  (17.0.2+8) (build )
# Java VM: OpenJDK 64-Bit Server VM (17.0.2+8-LTS, mixed mode, sharing, tiered, compressed oops, compressed class ptrs, g1 gc, windows-amd64)
# No core dump will be written. Minidumps are not enabled by default on client versions of Windows
#

---------------  S U M M A R Y ------------

Command Line: -javaagent:C:\Program Files\JetBrains\IntelliJ IDEA Community Edition 2023.3.7\lib\idea_rt.jar=54438:C:\Program Files\JetBrains\IntelliJ IDEA Community Edition 2023.3.7\bin -Dfile.encoding=UTF-8 Main

Host: Intel(R) Core(TM) i7-3630QM CPU @ 2.40GHz, 8 cores, 7G,  Windows 8 , 64 bit Build 9200 (6.2.9200.16859)
Time: Mon Apr 14 10:32:51 2025 RTZ 2 (s 8 , 64 bit Build 9200 (6.2.9200.16859) elapsed time: 0.011978 seconds (0d 0h 0m 0s)

---------------  T H R E A D  ---------------

Current thread (0x000000d1abee9cb0):  JavaThread "Unknown thread" [_thread_in_vm, id=5548, stack(0x000000d1ab560000,0x000000d1ab660000)]

Stack: [0x000000d1ab560000,0x000000d1ab660000]
Native frames: (J=compiled Java code, j=interpreted, Vv=VM code, C=native code)
V  [jvm.dll+0x67691a]
V  [jvm.dll+0x8316a4]
V  [jvm.dll+0x832e4e]
V  [jvm.dll+0x8334b3]
V  [jvm.dll+0x245585]
V  [jvm.dll+0x673839]
V  [jvm.dll+0x668172]
V  [jvm.dll+0x3042cb]
V  [jvm.dll+0x30b7d6]
V  [jvm.dll+0x35b59e]
V  [jvm.dll+0x35b7cf]
V  [jvm.dll+0x2db278]
V  [jvm.dll+0x2dc1e4]
V  [jvm.dll+0x802f31]
V  [jvm.dll+0x369321]
V  [jvm.dll+0x7e22ac]
V  [jvm.dll+0x3ec0ef]
V  [jvm.dll+0x3edc71]
C  [jli.dll+0x527b]
C  [ucrtbase.DLL+0x26c0c]
C  [KERNEL32.DLL+0x1842]
C  [ntdll.dll+0x3df11]


---------------  P R O C E S S  ---------------

Threads class SMR info:
_java_thread_list=0x000007fe562a9e98, length=0, elements={
}

Java Threads: ( => current thread )

Other Threads:
  0x000000d1abf28b10 GCTaskThread "GC Thread#0" [stack: 0x000000d1c79d0000,0x000000d1c7ad0000] [id=5764]
  0x000000d1abf3bad0 ConcurrentGCThread "G1 Main Marker" [stack: 0x000000d1c7ad0000,0x000000d1c7bd0000] [id=384]
  0x000000d1abf3d9a0 ConcurrentGCThread "G1 Conc#0" [stack: 0x000000d1c7bd0000,0x000000d1c7cd0000] [id=7068]

[error occurred during error reporting (printing all threads), id 0xc0000005, EXCEPTION_ACCESS_VIOLATION (0xc0000005) at pc=0x000007fe55a6bca7]

VM state: not at safepoint (not fully initialized)

VM Mutex/Monitor currently owned by a thread:  ([mutex/lock_event])
[0x000000d1abee4ab0] Heap_lock - owner thread: 0x000000d1abee9cb0

Heap address: 0x0000000081c00000, size: 2020 MB, Compressed Oops mode: 32-bit

CDS archive(s) mapped at: [0x0000000000000000-0x0000000000000000-0x0000000000000000), size 0, SharedBaseAddress: 0x0000000800000000, ArchiveRelocationMode: 0.
Narrow klass base: 0x0000000000000000, Narrow klass shift: 0, Narrow klass range: 0x0

GC Precious Log:
<Empty>

Heap:
 garbage-first heap   total 0K, used 0K [0x0000000081c00000, 0x0000000100000000)
  region size 1024K, 0 young (0K), 0 survivors (0K)

[error occurred during error reporting (printing heap information), id 0xc0000005, EXCEPTION_ACCESS_VIOLATION (0xc0000005) at pc=0x000007fe55e4fc69]

GC Heap History (0 events):
No events

Deoptimization events (0 events):
No events

Classes unloaded (0 events):
No events

Classes redefined (0 events):
No events

Internal exceptions (0 events):
No events

VM Operations (0 events):
No events

Events (1 events):
Event: 0.009 Loaded shared library C:\Program Files\Java\jdk-17.0.2+8\bin\java.dll


Dynamic libraries:
0x000007f6f7ca0000 - 0x000007f6f7cae000 	C:\Program Files\Java\jdk-17.0.2+8\bin\java.exe
0x000007fe88ec0000 - 0x000007fe8907d000 	C:\Windows\SYSTEM32\ntdll.dll
0x000007fe86f40000 - 0x000007fe87077000 	C:\Windows\system32\KERNEL32.DLL
0x000007fe85eb0000 - 0x000007fe85fa4000 	C:\Windows\system32\KERNELBASE.dll
0x000007fe7f7a0000 - 0x000007fe7f7b8000 	C:\Program Files\Java\jdk-17.0.2+8\bin\jli.dll
0x000007fe7e2e0000 - 0x000007fe7e2fb000 	C:\Program Files\Java\jdk-17.0.2+8\bin\VCRUNTIME140.dll
0x000007fe7f790000 - 0x000007fe7f795000 	C:\Program Files\Java\jdk-17.0.2+8\bin\api-ms-win-crt-stdio-l1-1-0.dll
0x000007fe7f3a0000 - 0x000007fe7f3a5000 	C:\Program Files\Java\jdk-17.0.2+8\bin\api-ms-win-crt-runtime-l1-1-0.dll
0x000007fe7f250000 - 0x000007fe7f254000 	C:\Program Files\Java\jdk-17.0.2+8\bin\api-ms-win-crt-environment-l1-1-0.dll
0x000007fe7ed50000 - 0x000007fe7ed56000 	C:\Program Files\Java\jdk-17.0.2+8\bin\api-ms-win-crt-math-l1-1-0.dll
0x000007fe7e2d0000 - 0x000007fe7e2d4000 	C:\Program Files\Java\jdk-17.0.2+8\bin\api-ms-win-crt-locale-l1-1-0.dll
0x000007fe7e2c0000 - 0x000007fe7e2c4000 	C:\Program Files\Java\jdk-17.0.2+8\bin\api-ms-win-crt-heap-l1-1-0.dll
0x000007fe839d0000 - 0x000007fe83c3a000 	C:\Windows\WinSxS\amd64_microsoft.windows.common-controls_6595b64144ccf1df_6.0.9200.17359_none_4188b989718cf1c6\COMCTL32.dll
0x000007fe88930000 - 0x000007fe88a7c000 	C:\Windows\system32\USER32.dll
0x000007fe7de80000 - 0x000007fe7de84000 	C:\Program Files\Java\jdk-17.0.2+8\bin\api-ms-win-crt-filesystem-l1-1-0.dll
0x000007fe7de70000 - 0x000007fe7de75000 	C:\Program Files\Java\jdk-17.0.2+8\bin\api-ms-win-crt-string-l1-1-0.dll
0x000007fe7d960000 - 0x000007fe7d965000 	C:\Program Files\Java\jdk-17.0.2+8\bin\api-ms-win-crt-convert-l1-1-0.dll
0x000007fe86c10000 - 0x000007fe86cb5000 	C:\Windows\system32\msvcrt.dll
0x000007fe86cc0000 - 0x000007fe86e01000 	C:\Windows\system32\GDI32.dll
0x000007fe721f0000 - 0x000007fe72301000 	C:\Program Files\Java\jdk-17.0.2+8\bin\ucrtbase.DLL
0x000007fe88b50000 - 0x000007fe88b89000 	C:\Windows\system32\IMM32.DLL
0x000007fe86e10000 - 0x000007fe86f25000 	C:\Windows\system32\MSCTF.dll
0x000007fe85c10000 - 0x000007fe85c40000 	C:\Windows\system32\nvinitx.dll
0x000007fe85c00000 - 0x000007fe85c09000 	C:\Windows\SYSTEM32\VERSION.dll
0x000007fe86460000 - 0x000007fe8653e000 	C:\Windows\system32\ADVAPI32.dll
0x000007fe86ad0000 - 0x000007fe86b18000 	C:\Windows\SYSTEM32\sechost.dll
0x000007fe86980000 - 0x000007fe86ac5000 	C:\Windows\system32\RPCRT4.dll
0x0000000066ad0000 - 0x0000000066ad6000 	C:\Program Files\NVIDIA Corporation\CoProcManager\_etoured.dll
0x000007fe81080000 - 0x000007fe810b8000 	C:\Program Files\NVIDIA Corporation\CoProcManager\nvd3d9wrapx.dll
0x000007fe86290000 - 0x000007fe86460000 	C:\Windows\system32\SETUPAPI.dll
0x000007fe85fd0000 - 0x000007fe8601f000 	C:\Windows\system32\CFGMGR32.dll
0x000007fe86200000 - 0x000007fe86222000 	C:\Windows\system32\DEVOBJ.dll
0x000007fe81ec0000 - 0x000007fe81ee4000 	C:\Program Files\NVIDIA Corporation\CoProcManager\nvdxgiwrapx.dll
0x000007fe7cf80000 - 0x000007fe7cf84000 	C:\Windows\SYSTEM32\api-ms-win-core-localization-l1-2-1.DLL
0x000007fe7d900000 - 0x000007fe7d90c000 	C:\Program Files\Java\jdk-17.0.2+8\bin\vcruntime140_1.dll
0x000007fe739f0000 - 0x000007fe73a7d000 	C:\Program Files\Java\jdk-17.0.2+8\bin\msvcp140.dll
0x000007fe7d3d0000 - 0x000007fe7d3d4000 	C:\Program Files\Java\jdk-17.0.2+8\bin\api-ms-win-crt-time-l1-1-0.dll
0x000007fe7d3c0000 - 0x000007fe7d3c4000 	C:\Program Files\Java\jdk-17.0.2+8\bin\api-ms-win-crt-utility-l1-1-0.dll
0x000007fe55780000 - 0x000007fe563db000 	C:\Program Files\Java\jdk-17.0.2+8\bin\server\jvm.dll
0x000007fe83df0000 - 0x000007fe83df9000 	C:\Windows\SYSTEM32\WSOCK32.dll
0x000007fe7ff70000 - 0x000007fe7ff90000 	C:\Windows\SYSTEM32\WINMM.dll
0x000007fe86bf0000 - 0x000007fe86bf7000 	C:\Windows\system32\PSAPI.DLL
0x000007fe87540000 - 0x000007fe87598000 	C:\Windows\system32\WS2_32.dll
0x000007fe7ff30000 - 0x000007fe7ff63000 	C:\Windows\SYSTEM32\WINMMBASE.dll
0x000007fe86c00000 - 0x000007fe86c09000 	C:\Windows\system32\NSI.dll
0x000007fe7cf70000 - 0x000007fe7cf7a000 	C:\Program Files\Java\jdk-17.0.2+8\bin\jimage.dll
0x000007fe7d1c0000 - 0x000007fe7d323000 	C:\Windows\SYSTEM32\DBGHELP.DLL
0x000007fe798f0000 - 0x000007fe798fe000 	C:\Program Files\Java\jdk-17.0.2+8\bin\instrument.dll
0x000007fe7c230000 - 0x000007fe7c255000 	C:\Program Files\Java\jdk-17.0.2+8\bin\java.dll

dbghelp: loaded successfully - version: 4.0.5 - missing functions: none
symbol engine: initialized successfully - sym options: 0x614 - pdb path: .;C:\Program Files\Java\jdk-17.0.2+8\bin;C:\Windows\SYSTEM32;C:\Windows\WinSxS\amd64_microsoft.windows.common-controls_6595b64144ccf1df_6.0.9200.17359_none_4188b989718cf1c6;C:\Program Files\NVIDIA Corporation\CoProcManager;C:\Program Files\Java\jdk-17.0.2+8\bin\server

VM Arguments:
jvm_args: -javaagent:C:\Program Files\JetBrains\IntelliJ IDEA Community Edition 2023.3.7\lib\idea_rt.jar=54438:C:\Program Files\JetBrains\IntelliJ IDEA Community Edition 2023.3.7\bin -Dfile.encoding=UTF-8 
java_command: Main
java_class_path (initial): C:\Users\Сан\Desktop\Java с марта 2025\Selsup\target\classes
Launcher Type: SUN_STANDARD

[Global flags]
     intx CICompilerCount                          = 4                                         {product} {ergonomic}
     uint ConcGCThreads                            = 2                                         {product} {ergonomic}
     uint G1ConcRefinementThreads                  = 8                                         {product} {ergonomic}
   size_t G1HeapRegionSize                         = 1048576                                   {product} {ergonomic}
    uintx GCDrainStackTargetSize                   = 64                                        {product} {ergonomic}
   size_t InitialHeapSize                          = 134217728                                 {product} {ergonomic}
   size_t MarkStackSize                            = 4194304                                   {product} {ergonomic}
   size_t MaxHeapSize                              = 2118123520                                {product} {ergonomic}
   size_t MinHeapDeltaBytes                        = 1048576                                   {product} {ergonomic}
   size_t MinHeapSize                              = 8388608                                   {product} {ergonomic}
    uintx NonNMethodCodeHeapSize                   = 5839372                                {pd product} {ergonomic}
    uintx NonProfiledCodeHeapSize                  = 122909434                              {pd product} {ergonomic}
    uintx ProfiledCodeHeapSize                     = 122909434                              {pd product} {ergonomic}
    uintx ReservedCodeCacheSize                    = 251658240                              {pd product} {ergonomic}
     bool SegmentedCodeCache                       = true                                      {product} {ergonomic}
   size_t SoftMaxHeapSize                          = 2118123520                             {manageable} {ergonomic}
     bool UseCompressedClassPointers               = true                           {product lp64_product} {ergonomic}
     bool UseCompressedOops                        = true                           {product lp64_product} {ergonomic}
     bool UseG1GC                                  = true                                      {product} {ergonomic}
     bool UseLargePagesIndividualAllocation        = false                                  {pd product} {ergonomic}

Logging:
Log output configuration:
 #0: stdout all=warning uptime,level,tags
 #1: stderr all=off uptime,level,tags

Environment Variables:
JAVA_HOME=C:\Program Files\Java\jdk-17.0.2+8
PATH=C:\Program Files\Java\jdk-17.0.2+8\bin;C:\Program Files (x86)\Common Files\Intel\Shared Files\cpp\bin\Intel64;C:\Windows\system32;C:\Windows;C:\Windows\System32\Wbem;C:\Windows\System32\WindowsPowerShell\v1.0\;C:\Program Files (x86)\NVIDIA Corporation\PhysX\Common;C:\Program Files\Git\cmd;C:\Program Files\MySQL\MySQL Shell 8.0\bin\
USERNAME=Сан
OS=Windows_NT
PROCESSOR_IDENTIFIER=Intel64 Family 6 Model 58 Stepping 9, GenuineIntel



---------------  S Y S T E M  ---------------

OS:
 Windows 8 , 64 bit Build 9200 (6.2.9200.16859)
OS uptime: 3 days 21:34 hours

CPU: total 8 (initial active 8) (4 cores per cpu, 2 threads per core) family 6 model 58 stepping 9 microcode 0x1b, cx8, cmov, fxsr, ht, mmx, sse, sse2, sse3, ssse3, sse4.1, sse4.2, popcnt, tsc, tscinvbit, avx, aes, erms, clmul, vzeroupper, clflush

Memory: 4k page, system-wide physical 8077M (2252M free)
TotalPageFile size 10125M (AvailPageFile size 75M)
current process WorkingSet (physical memory assigned to process): 10M, peak: 10M
current process commit charge ("private bytes"): 65M, peak: 193M

vm_info: OpenJDK 64-Bit Server VM (17.0.2+8-LTS) for windows-amd64 JRE (17.0.2+8-LTS), built on Jan 20 2022 23:44:16 by "" with MS VC++ 16.10 / 16.11 (VS2019)

END.
